  stdafx.cpp
  ArchiveExtractCallback.cpp
e:\中文目录\ncui\third_party\7zpp\ArchiveExtractCallback.h(6): fatal error C1083: 无法打开包括文件: “7zip/Archive/IArchive.h”: No such file or directory
  ArchiveOpenCallback.cpp
e:\中文目录\ncui\third_party\7zpp\ArchiveOpenCallback.h(6): fatal error C1083: 无法打开包括文件: “7zip/Archive/IArchive.h”: No such file or directory
  ArchiveUpdateCallback.cpp
e:\中文目录\ncui\third_party\7zpp\ArchiveUpdateCallback.h(6): fatal error C1083: 无法打开包括文件: “7zip/Archive/IArchive.h”: No such file or directory
  FileSys.cpp
  GUIDs.cpp
  InStreamWrapper.cpp
e:\中文目录\ncui\third_party\7zpp\InStreamWrapper.h(4): fatal error C1083: 无法打开包括文件: “7zip/IStream.h”: No such file or directory
  OutStreamWrapper.cpp
e:\中文目录\ncui\third_party\7zpp\OutStreamWrapper.h(4): fatal error C1083: 无法打开包括文件: “7zip/IStream.h”: No such file or directory
  PathScanner.cpp
  PropVariant.cpp
e:\中文目录\ncui\third_party\7zpp\PropVariant.h(7): fatal error C1083: 无法打开包括文件: “Common/MyTypes.h”: No such file or directory
  SevenZipArchive.cpp
e:\中文目录\ncui\third_party\7zpp\UsefulFunctions.h(5): fatal error C1083: 无法打开包括文件: “7zip/Archive/IArchive.h”: No such file or directory
  SevenZipCompressor.cpp
e:\中文目录\ncui\third_party\7zpp\ArchiveUpdateCallback.h(6): fatal error C1083: 无法打开包括文件: “7zip/Archive/IArchive.h”: No such file or directory
  SevenZipException.cpp
  SevenZipExtractor.cpp
e:\中文目录\ncui\third_party\7zpp\ArchiveOpenCallback.h(6): fatal error C1083: 无法打开包括文件: “7zip/Archive/IArchive.h”: No such file or directory
  SevenZipLibrary.cpp
  SevenZipLister.cpp
e:\中文目录\ncui\third_party\7zpp\ArchiveOpenCallback.h(6): fatal error C1083: 无法打开包括文件: “7zip/Archive/IArchive.h”: No such file or directory
  UsefulFunctions.cpp
e:\中文目录\ncui\third_party\7zpp\UsefulFunctions.h(5): fatal error C1083: 无法打开包括文件: “7zip/Archive/IArchive.h”: No such file or directory
  正在生成代码...
